<!-- com.ibm.etools.logging.util log file -->
<NODE logging.util.node_id="NODE.xw8000-1a410.bee.vimpelcom.ru" logging.util.hostname="xw8000-1a410.bee.vimpelcom.ru" logging.util.ipaddress="192.168.144.87" logging.util.timezone="180" logging.util.time="1187863399,021"/>
<PROCESS_CREATE logging.util.process_id="PROCESS_CREATE.eclipse.1187863399,021" logging.util.pid="24183153" logging.util.node_idref="NODE.xw8000-1a410.bee.vimpelcom.ru" logging.util.time="1187863399,021" logging.util.process_environment="unknown" logging.util.process_application_execution=""/>
<AGENT_CREATE logging.util.agent_id="AGENT_CREATE.com.ibm.etools.logging.util.1187863398,32" logging.util.agent_version="1.000" logging.util.process_idref="PROCESS_CREATE.eclipse.1187863399,021" logging.util.agent_name="com.ibm.etools.logging.util" logging.util.agent_type="Logging" logging.util.agent_parameters="" logging.util.time="1187863398,32"/>
<BuildInfo logging.util.id="com.ibm.etools.logging.util.BuildInfo_11878633983700000" logging.util.agent_idref="com.ibm.etools.logging.util" logging.util.MsgLoggerLevel="CONFIG" WSABuildLevel="20040506_1735-WB213-AD-V512D-W5">
 <Class Instance_Name="Class" logging.util.id="java.lang.Class_11878633983700001" Name="com.ibm.etools.logging.util.BuildInfo" Type="class" Package="com.ibm.etools.logging.util" Modifers="public" Superclass="java.lang.Object"/>
</BuildInfo>
<AGENT_CREATE logging.util.agent_id="AGENT_CREATE.com.ibm.etools.validation.1187863399,722" logging.util.agent_version="1.000" logging.util.process_idref="PROCESS_CREATE.eclipse.1187863399,021" logging.util.agent_name="com.ibm.etools.validation" logging.util.agent_type="Logging" logging.util.agent_parameters="" logging.util.time="1187863399,722"/>
<BuildInfo logging.util.id="com.ibm.etools.validate.plugin.BuildInfo_11878633997220000" logging.util.agent_idref="com.ibm.etools.validation" logging.util.MsgLoggerLevel="CONFIG" WSABuildLevel="20040506_1735-WB213-AD-V512D-W5">
 <Class Instance_Name="Class" logging.util.id="java.lang.Class_11878633997220001" Name="com.ibm.etools.validate.plugin.BuildInfo" Type="class" Package="com.ibm.etools.validate.plugin" Modifers="public" Superclass="java.lang.Object"/>
</BuildInfo>
<BuildInfo logging.util.id="com.ibm.etools.validate.mof.plugin.BuildInfo_11878633997420000" logging.util.agent_idref="com.ibm.etools.validation" logging.util.MsgLoggerLevel="CONFIG" WSABuildLevel="20040506_1735-WB213-AD-V512D-W5">
 <Class Instance_Name="Class" logging.util.id="java.lang.Class_11878633997420001" Name="com.ibm.etools.validate.mof.plugin.BuildInfo" Type="class" Package="com.ibm.etools.validate.mof.plugin" Modifers="public" Superclass="java.lang.Object"/>
</BuildInfo>
<AGENT_CREATE logging.util.agent_id="AGENT_CREATE.com.ibm.sed.model.1187863399,772" logging.util.agent_version="1.000" logging.util.process_idref="PROCESS_CREATE.eclipse.1187863399,021" logging.util.agent_name="com.ibm.sed.model" logging.util.agent_type="Logging" logging.util.agent_parameters="" logging.util.time="1187863399,772"/>
<BuildInfo logging.util.id="com.ibm.sed.model.BuildInfo_11878633997820000" logging.util.agent_idref="com.ibm.sed.model" logging.util.MsgLoggerLevel="CONFIG" WSABuildLevel="20040506_1735-WB213-AD-V512D-W5">
 <Class Instance_Name="Class" logging.util.id="java.lang.Class_11878633997820001" Name="com.ibm.sed.model.BuildInfo" Type="class" Package="com.ibm.sed.model" Modifers="public" Superclass="java.lang.Object"/>
</BuildInfo>
<AGENT_CREATE logging.util.agent_id="AGENT_CREATE.com.ibm.etools.webtools.1187863405,992" logging.util.agent_version="1.000" logging.util.process_idref="PROCESS_CREATE.eclipse.1187863399,021" logging.util.agent_name="com.ibm.etools.webtools" logging.util.agent_type="Logging" logging.util.agent_parameters="" logging.util.time="1187863405,992"/>
<BuildInfo logging.util.id="com.ibm.etools.logging.util.BuildInfo_11878634059920000" logging.util.agent_idref="com.ibm.etools.webtools" logging.util.MsgLoggerLevel="CONFIG" WSABuildLevel="20040506_1735-WB213-AD-V512D-W5">
 <Class Instance_Name="Class" logging.util.id="java.lang.Class_11878634059920001" Name="com.ibm.etools.logging.util.BuildInfo" Type="class" Package="com.ibm.etools.logging.util" Modifers="public" Superclass="java.lang.Object"/>
</BuildInfo>
<String logging.util.agent_idref="com.ibm.etools.webtools" logging.util.MsgLoggerLevel="CONFIG" Value="20040506_1735-WB213-AD-V512D-W5"/>
<AGENT_CREATE logging.util.agent_id="AGENT_CREATE.Default Logging Agent.1187863406,102" logging.util.agent_version="1.000" logging.util.process_idref="PROCESS_CREATE.eclipse.1187863399,021" logging.util.agent_name="Default Logging Agent" logging.util.agent_type="Logging" logging.util.agent_parameters="" logging.util.time="1187863406,102"/>
<BuildInfo logging.util.id="com.ibm.sed.preferences.BuildInfo_11878634061120000" logging.util.agent_idref="Default Logging Agent" logging.util.MsgLoggerLevel="CONFIG" WSABuildLevel="20040506_1735-WB213-AD-V512D-W5">
 <Class Instance_Name="Class" logging.util.id="java.lang.Class_11878634061120001" Name="com.ibm.sed.preferences.BuildInfo" Type="class" Package="com.ibm.sed.preferences" Modifers="public" Superclass="java.lang.Object"/>
</BuildInfo>
<AGENT_CREATE logging.util.agent_id="AGENT_CREATE.com.ibm.etools.struts.1187863407,184" logging.util.agent_version="1.000" logging.util.process_idref="PROCESS_CREATE.eclipse.1187863399,021" logging.util.agent_name="com.ibm.etools.struts" logging.util.agent_type="Logging" logging.util.agent_parameters="" logging.util.time="1187863407,184"/>
<BuildInfo logging.util.id="com.ibm.etools.struts.BuildInfo_11878634071840000" logging.util.agent_idref="com.ibm.etools.struts" logging.util.MsgLoggerLevel="CONFIG" WSABuildLevel="20041126_1413-WB213-AD-V512D-ifix006">
 <Class Instance_Name="Class" logging.util.id="java.lang.Class_11878634071840001" Name="com.ibm.etools.struts.BuildInfo" Type="class" Package="com.ibm.etools.struts" Modifers="public" Superclass="java.lang.Object"/>
</BuildInfo>
<BuildInfo logging.util.id="com.ibm.etools.index.BuildInfo_11878635123280000" logging.util.agent_idref="Default Logging Agent" logging.util.MsgLoggerLevel="CONFIG" WSABuildLevel="20040506_1735-WB213-AD-V512D-W5">
 <Class Instance_Name="Class" logging.util.id="java.lang.Class_11878635123280001" Name="com.ibm.etools.index.BuildInfo" Type="class" Package="com.ibm.etools.index" Modifers="public" Superclass="java.lang.Object"/>
</BuildInfo>
<String logging.util.agent_idref="Default Logging Agent" logging.util.MsgLoggerLevel="CONFIG" Value="EGLWebServicePlugin was instantiated"/>
<AGENT_CREATE logging.util.agent_id="AGENT_CREATE.com.ibm.etools.egl.parteditor.1187863513,93" logging.util.agent_version="1.000" logging.util.process_idref="PROCESS_CREATE.eclipse.1187863399,021" logging.util.agent_name="com.ibm.etools.egl.parteditor" logging.util.agent_type="Logging" logging.util.agent_parameters="" logging.util.time="1187863513,93"/>
<BuildInfo logging.util.id="com.ibm.etools.egl.internal.parteditor.BuildInfo_11878635139400000" logging.util.agent_idref="com.ibm.etools.egl.parteditor" logging.util.MsgLoggerLevel="CONFIG" WSABuildLevel="20041126_1413-WB213-AD-V512D-ifix006">
 <Class Instance_Name="Class" logging.util.id="java.lang.Class_11878635139400001" Name="com.ibm.etools.egl.internal.parteditor.BuildInfo" Type="class" Package="com.ibm.etools.egl.internal.parteditor" Modifers="public" Superclass="java.lang.Object"/>
</BuildInfo>
<AGENT_CREATE logging.util.agent_id="AGENT_CREATE.com.ibm.sed.editor.1187863650,773" logging.util.agent_version="1.000" logging.util.process_idref="PROCESS_CREATE.eclipse.1187863399,021" logging.util.agent_name="com.ibm.sed.editor" logging.util.agent_type="Logging" logging.util.agent_parameters="" logging.util.time="1187863650,773"/>
<BuildInfo logging.util.id="com.ibm.sed.editor.BuildInfo_11878636507830000" logging.util.agent_idref="com.ibm.sed.editor" logging.util.MsgLoggerLevel="CONFIG" WSABuildLevel="20041126_1413-WB213-AD-V512D-ifix006">
 <Class Instance_Name="Class" logging.util.id="java.lang.Class_11878636507830001" Name="com.ibm.sed.editor.BuildInfo" Type="class" Package="com.ibm.sed.editor" Modifers="public" Superclass="java.lang.Object"/>
</BuildInfo>
<SedStatusInfo logging.util.id="com.ibm.sed.model.SedStatusInfo_11878636522860000" logging.util.agent_idref="com.ibm.sed.editor" logging.util.MsgLoggerLevel="SEVERE" PluginId="com.ibm.sed.editor" Message="Plugin com.ibm.etools.jsf, extension com.ibm.sed.editor.extendedEditorActions&#xA;Unknown extension tag found: separator">
 <Throwable Instance_Name="Exception" Value="null"/>
 <Class Instance_Name="Class" logging.util.id="java.lang.Class_11878636522860001" Name="com.ibm.sed.model.SedStatusInfo" Type="class" Package="com.ibm.sed.model" Modifers="public" Superclass="java.lang.Object"/>
</SedStatusInfo>
<AGENT_CREATE logging.util.agent_id="AGENT_CREATE.com.ibm.etools.egl.webtrans.1187863658,515" logging.util.agent_version="1.000" logging.util.process_idref="PROCESS_CREATE.eclipse.1187863399,021" logging.util.agent_name="com.ibm.etools.egl.webtrans" logging.util.agent_type="Logging" logging.util.agent_parameters="" logging.util.time="1187863658,515"/>
<BuildInfo logging.util.id="com.ibm.etools.logging.util.BuildInfo_11878636585150000" logging.util.agent_idref="com.ibm.etools.egl.webtrans" logging.util.MsgLoggerLevel="CONFIG" WSABuildLevel="20040506_1735-WB213-AD-V512D-W5">
 <Class Instance_Name="Class" logging.util.id="java.lang.Class_11878636585150001" Name="com.ibm.etools.logging.util.BuildInfo" Type="class" Package="com.ibm.etools.logging.util" Modifers="public" Superclass="java.lang.Object"/>
</BuildInfo>
<BuildInfo logging.util.id="com.ibm.sed.jseditor.BuildInfo_11878636587560000" logging.util.agent_idref="Default Logging Agent" logging.util.MsgLoggerLevel="CONFIG" WSABuildLevel="20040506_1735-WB213-AD-V512D-W5">
 <Class Instance_Name="Class" logging.util.id="java.lang.Class_11878636587560001" Name="com.ibm.sed.jseditor.BuildInfo" Type="class" Package="com.ibm.sed.jseditor" Modifers="public" Superclass="java.lang.Object"/>
</BuildInfo>
<AGENT_CREATE logging.util.agent_id="AGENT_CREATE.com.ibm.etools.egl.pgm.1187863659,637" logging.util.agent_version="1.000" logging.util.process_idref="PROCESS_CREATE.eclipse.1187863399,021" logging.util.agent_name="com.ibm.etools.egl.pgm" logging.util.agent_type="Logging" logging.util.agent_parameters="" logging.util.time="1187863659,637"/>
<BuildInfo logging.util.id="com.ibm.etools.egl.internal.pgm.BuildInfo_11878636596370000" logging.util.agent_idref="com.ibm.etools.egl.pgm" logging.util.MsgLoggerLevel="CONFIG" WSABuildLevel="20041126_1413-WB213-AD-V512D-ifix006">
 <Class Instance_Name="Class" logging.util.id="java.lang.Class_11878636596370001" Name="com.ibm.etools.egl.internal.pgm.BuildInfo" Type="class" Package="com.ibm.etools.egl.internal.pgm" Modifers="public" Superclass="java.lang.Object"/>
</BuildInfo>
<AGENT_CREATE logging.util.agent_id="AGENT_CREATE.com.ibm.etools.egl.model.1187863659,647" logging.util.agent_version="1.000" logging.util.process_idref="PROCESS_CREATE.eclipse.1187863399,021" logging.util.agent_name="com.ibm.etools.egl.model" logging.util.agent_type="Logging" logging.util.agent_parameters="" logging.util.time="1187863659,647"/>
<BuildInfo logging.util.id="com.ibm.etools.egl.model.core.BuildInfo_11878636596570000" logging.util.agent_idref="com.ibm.etools.egl.model" logging.util.MsgLoggerLevel="CONFIG" WSABuildLevel="20050620_1132-IF51202">
 <Class Instance_Name="Class" logging.util.id="java.lang.Class_11878636596570001" Name="com.ibm.etools.egl.model.core.BuildInfo" Type="class" Package="com.ibm.etools.egl.model.core" Modifers="public" Superclass="java.lang.Object"/>
</BuildInfo>
<AGENT_CREATE logging.util.agent_id="AGENT_CREATE.com.ibm.etools.egl.generation.base.framework.1187863968,613" logging.util.agent_version="1.000" logging.util.process_idref="PROCESS_CREATE.eclipse.1187863399,021" logging.util.agent_name="com.ibm.etools.egl.generation.base.framework" logging.util.agent_type="Logging" logging.util.agent_parameters="" logging.util.time="1187863968,613"/>
<BuildInfo logging.util.id="com.ibm.etools.egl.internal.compiler.plugin.BuildInfo_11878639686130000" logging.util.agent_idref="com.ibm.etools.egl.generation.base.framework" logging.util.MsgLoggerLevel="CONFIG" WSABuildLevel="20050620_1132-IF51202">
 <Class Instance_Name="Class" logging.util.id="java.lang.Class_11878639686130001" Name="com.ibm.etools.egl.internal.compiler.plugin.BuildInfo" Type="class" Package="com.ibm.etools.egl.internal.compiler.plugin" Modifers="public" Superclass="java.lang.Object"/>
</BuildInfo>
<AGENT_CREATE logging.util.agent_id="AGENT_CREATE.com.ibm.etools.egl.generators.1187863968,644" logging.util.agent_version="1.000" logging.util.process_idref="PROCESS_CREATE.eclipse.1187863399,021" logging.util.agent_name="com.ibm.etools.egl.generators" logging.util.agent_type="Logging" logging.util.agent_parameters="" logging.util.time="1187863968,644"/>
<BuildInfo logging.util.id="com.ibm.etools.egl.generation.BuildInfo_11878639686440000" logging.util.agent_idref="com.ibm.etools.egl.generators" logging.util.MsgLoggerLevel="CONFIG" WSABuildLevel="20050620_1132-IF51202">
 <Class Instance_Name="Class" logging.util.id="java.lang.Class_11878639686440001" Name="com.ibm.etools.egl.generation.BuildInfo" Type="class" Package="com.ibm.etools.egl.generation" Modifers="public" Superclass="java.lang.Object"/>
</BuildInfo>
<AGENT_CREATE logging.util.agent_id="AGENT_CREATE.com.ibm.etools.websphere.tools.v5.common.1187877643,573" logging.util.agent_version="1.000" logging.util.process_idref="PROCESS_CREATE.eclipse.1187863399,021" logging.util.agent_name="com.ibm.etools.websphere.tools.v5.common" logging.util.agent_type="Logging" logging.util.agent_parameters="" logging.util.time="1187877643,573"/>
<String logging.util.agent_idref="com.ibm.etools.websphere.tools.v5.common" logging.util.MsgLoggerLevel="CONFIG" Value="5.1.1"/>
<AGENT_CREATE logging.util.agent_id="AGENT_CREATE.com.ibm.etools.websphere.tools.common.1187877643,653" logging.util.agent_version="1.000" logging.util.process_idref="PROCESS_CREATE.eclipse.1187863399,021" logging.util.agent_name="com.ibm.etools.websphere.tools.common" logging.util.agent_type="Logging" logging.util.agent_parameters="" logging.util.time="1187877643,653"/>
<String logging.util.agent_idref="com.ibm.etools.websphere.tools.common" logging.util.MsgLoggerLevel="CONFIG" Value="5.1.1.1"/>
<AGENT_CREATE logging.util.agent_id="AGENT_CREATE.com.ibm.etools.rdblib.1187877643,693" logging.util.agent_version="1.000" logging.util.process_idref="PROCESS_CREATE.eclipse.1187863399,021" logging.util.agent_name="com.ibm.etools.rdblib" logging.util.agent_type="Logging" logging.util.agent_parameters="" logging.util.time="1187877643,693"/>
<BuildInfo logging.util.id="com.ibm.etools.rdblib.BuildInfo_11878776436930000" logging.util.agent_idref="com.ibm.etools.rdblib" logging.util.MsgLoggerLevel="CONFIG" WSABuildLevel="20040506_1735-WB213-AD-V512D-W5">
 <Class Instance_Name="Class" logging.util.id="java.lang.Class_11878776436930001" Name="com.ibm.etools.rdblib.BuildInfo" Type="class" Package="com.ibm.etools.rdblib" Modifers="public" Superclass="java.lang.Object"/>
</BuildInfo>
<String logging.util.agent_idref="com.ibm.etools.websphere.tools.v5.common" logging.util.MsgLoggerLevel="WARNING" Value="2 Thu Aug 23 18:00:43 MSD 2007 com.ibm.etools.websphere.tools.v5.common.internal.WebSpherePluginV5Common.startup(): Cannot set the impl factory property jar file java variable."/>
<AGENT_CREATE logging.util.agent_id="AGENT_CREATE.com.ibm.etools.websphere.tools.v51.1187877645,216" logging.util.agent_version="1.000" logging.util.process_idref="PROCESS_CREATE.eclipse.1187863399,021" logging.util.agent_name="com.ibm.etools.websphere.tools.v51" logging.util.agent_type="Logging" logging.util.agent_parameters="" logging.util.time="1187877645,216"/>
<String logging.util.agent_idref="com.ibm.etools.websphere.tools.v51" logging.util.MsgLoggerLevel="CONFIG" Value="5.1.1.1"/>
<String logging.util.agent_idref="com.ibm.etools.websphere.tools.v5.common" logging.util.MsgLoggerLevel="WARNING" Value="2 Thu Aug 23 18:00:45 MSD 2007 com.ibm.etools.websphere.tools.v51.WebSpherePluginV51.startup(): Cannot set the impl factory property jar file java variable."/>
<AGENT_CREATE logging.util.agent_id="AGENT_CREATE.com.ibm.etools.pd.security.1187877645,476" logging.util.agent_version="1.000" logging.util.process_idref="PROCESS_CREATE.eclipse.1187863399,021" logging.util.agent_name="com.ibm.etools.pd.security" logging.util.agent_type="Logging" logging.util.agent_parameters="" logging.util.time="1187877645,476"/>
<BuildInfo logging.util.id="com.ibm.etools.pd.security.BuildInfo_11878776454760000" logging.util.agent_idref="com.ibm.etools.pd.security" logging.util.MsgLoggerLevel="CONFIG" WSABuildLevel="20040506_1735-WB213-AD-V512D-W5">
 <Class Instance_Name="Class" logging.util.id="java.lang.Class_11878776454760001" Name="com.ibm.etools.pd.security.BuildInfo" Type="class" Package="com.ibm.etools.pd.security" Modifers="public" Superclass="java.lang.Object"/>
</BuildInfo>
<AGENT_CREATE logging.util.agent_id="AGENT_CREATE.com.ibm.etools.websphere.tools.v5.1187877645,636" logging.util.agent_version="1.000" logging.util.process_idref="PROCESS_CREATE.eclipse.1187863399,021" logging.util.agent_name="com.ibm.etools.websphere.tools.v5" logging.util.agent_type="Logging" logging.util.agent_parameters="" logging.util.time="1187877645,636"/>
<String logging.util.agent_idref="com.ibm.etools.websphere.tools.v5" logging.util.MsgLoggerLevel="CONFIG" Value="5.1.1.1"/>
<String logging.util.agent_idref="com.ibm.etools.websphere.tools.v5.common" logging.util.MsgLoggerLevel="WARNING" Value="2 Thu Aug 23 18:00:45 MSD 2007 com.ibm.etools.websphere.tools.v5.WebSpherePluginV5.startup(): Cannot set the impl factory property jar file java variable."/>
<String logging.util.agent_idref="Default Logging Agent" logging.util.MsgLoggerLevel="CONFIG" Value="5.1.1"/>
<String logging.util.agent_idref="Default Logging Agent" logging.util.MsgLoggerLevel="CONFIG" Value="5.1.1"/>
<AGENT_CREATE logging.util.agent_id="AGENT_CREATE.com.ibm.etools.websphere.tools.v4.1187877743,168" logging.util.agent_version="1.000" logging.util.process_idref="PROCESS_CREATE.eclipse.1187863399,021" logging.util.agent_name="com.ibm.etools.websphere.tools.v4" logging.util.agent_type="Logging" logging.util.agent_parameters="" logging.util.time="1187877743,168"/>
<String logging.util.agent_idref="com.ibm.etools.websphere.tools.v4" logging.util.MsgLoggerLevel="CONFIG" Value="5.1.1"/>
<AGENT_CREATE logging.util.agent_id="AGENT_CREATE.com.ibm.etools.rft.1187877744,04" logging.util.agent_version="1.000" logging.util.process_idref="PROCESS_CREATE.eclipse.1187863399,021" logging.util.agent_name="com.ibm.etools.rft" logging.util.agent_type="Logging" logging.util.agent_parameters="" logging.util.time="1187877744,04"/>
<String logging.util.agent_idref="com.ibm.etools.rft" logging.util.MsgLoggerLevel="CONFIG" Value="5.0.20020126"/>
<String logging.util.agent_idref="com.ibm.etools.rft" logging.util.MsgLoggerLevel="WARNING" Value="2 Thu Aug 23 18:02:24 MSD 2007 com.ibm.etools.rft.ConnectionDataCreationManager.load(): Could not load rft creation cache file since the file is not found."/>
<String logging.util.agent_idref="com.ibm.etools.rft" logging.util.MsgLoggerLevel="WARNING" Value="2 Thu Aug 23 18:02:24 MSD 2007 com.ibm.etools.rft.ConnectionDataCreationManager.load(): Could not load rft creation cache file: java.io.FileNotFoundException: C:\workSpasesNew\WSAD_Samples\.metadata\.plugins\com.ibm.etools.rft\rftCreation.xml (Не удается найти указанный файл.&#xD;&#xA;)"/>
